app/build/outputs/logs/manifest-merger-debug-report.txt
-- Merging decision tree log ---
manifest
ADDED from src\main\AndroidManifest.xml:2:1-165:12
INJECTED from src\main\AndroidManifest.xml:2:1-165:12
INJECTED from src\main\AndroidManifest.xml:2:1-165:12
INJECTED from src\main\AndroidManifest.xml:2:1-165:12
MERGED from [com.android.support:support-v4:26.1.0] AndroidManifest.xml:17:1-31:12
MERGED from [com.android.support.constraint:constraint-layout:1.1.3] AndroidManifest.xml:2:1-11:12
MERGED from [:unity-ads] AndroidManifest.xml:2:1-37:12
MERGED from [com.android.support:support-media-compat:26.1.0] AndroidManifest.xml:17:1-31:12
MERGED from [com.android.support:support-fragment:26.1.0] AndroidManifest.xml:17:1-31:12
MERGED from [com.android.support:support-core-utils:26.1.0] AndroidManifest.xml:17:1-31:12
MERGED from [com.android.support:support-core-ui:26.1.0] AndroidManifest.xml:17:1-31:12
MERGED from [com.android.support:support-compat:26.1.0] AndroidManifest.xml:17:1-31:12
MERGED from [android.arch.lifecycle:runtime:1.0.0] AndroidManifest.xml:17:1-30:12
INJECTED from src\main\AndroidManifest.xml:2:1-165:12
INJECTED from src\main\AndroidManifest.xml:2:1-165:12
INJECTED from src\main\AndroidManifest.xml:2:1-165:12
	package
		ADDED from src\main\AndroidManifest.xml:4:5-27
		INJECTED from src\main\AndroidManifest.xml
		INJECTED from src\main\AndroidManifest.xml
	android:versionName
		INJECTED from src\main\AndroidManifest.xml
		ADDED from src\main\AndroidManifest.xml:2:1-165:12
		INJECTED from src\main\AndroidManifest.xml
	xmlns:tools
		ADDED from src\main\AndroidManifest.xml:3:5-51
	android:versionCode
		INJECTED from src\main\AndroidManifest.xml
		ADDED from src\main\AndroidManifest.xml:2:1-165:12
		INJECTED from src\main\AndroidManifest.xml
	xmlns:android
		ADDED from src\main\AndroidManifest.xml:2:11-69
uses-permission#android.permission.INTERNET
ADDED from src\main\AndroidManifest.xml:6:5-67
MERGED from [:unity-ads] AndroidManifest.xml:12:5-67
MERGED from [:unity-ads] AndroidManifest.xml:12:5-67
	android:name
		ADDED from src\main\AndroidManifest.xml:6:22-64
uses-permission#android.permission.ACCESS_NETWORK_STATE
ADDED from src\main\AndroidManifest.xml:7:5-79
MERGED from [:unity-ads] AndroidManifest.xml:11:5-79
MERGED from [:unity-ads] AndroidManifest.xml:11:5-79
	android:name
		ADDED from src\main\AndroidManifest.xml:7:22-76
uses-permission#android.permission.ACCESS_WIFI_STATE
ADDED from src\main\AndroidManifest.xml:8:5-76
	android:name
		ADDED from src\main\AndroidManifest.xml:8:22-73
uses-permission#android.permission.RECEIVE_BOOT_COMPLETED
ADDED from src\main\AndroidManifest.xml:9:5-81
	android:name
		ADDED from src\main\AndroidManifest.xml:9:22-78
uses-permission#android.permission.READ_EXTERNAL_STORAGE
ADDED from src\main\AndroidManifest.xml:10:5-80
	android:name
		ADDED from src\main\AndroidManifest.xml:10:22-77
uses-permission#android.permission.WAKE_LOCK
ADDED from src\main\AndroidManifest.xml:11:5-68
	android:name
		ADDED from src\main\AndroidManifest.xml:11:22-65
application
ADDED from src\main\AndroidManifest.xml:13:5-163:19
MERGED from [com.android.support:support-v4:26.1.0] AndroidManifest.xml:25:5-29:19
MERGED from [com.android.support:support-v4:26.1.0] AndroidManifest.xml:25:5-29:19
MERGED from [com.android.support.constraint:constraint-layout:1.1.3] AndroidManifest.xml:9:5-20
MERGED from [com.android.support.constraint:constraint-layout:1.1.3] AndroidManifest.xml:9:5-20
MERGED from [:unity-ads] AndroidManifest.xml:14:5-35:19
MERGED from [:unity-ads] AndroidManifest.xml:14:5-35:19
MERGED from [com.android.support:support-media-compat:26.1.0] AndroidManifest.xml:25:5-29:19
MERGED from [com.android.support:support-media-compat:26.1.0] AndroidManifest.xml:25:5-29:19
MERGED from [com.android.support:support-fragment:26.1.0] AndroidManifest.xml:25:5-29:19
MERGED from [com.android.support:support-fragment:26.1.0] AndroidManifest.xml:25:5-29:19
MERGED from [com.android.support:support-core-utils:26.1.0] AndroidManifest.xml:25:5-29:19
MERGED from [com.android.support:support-core-utils:26.1.0] AndroidManifest.xml:25:5-29:19
MERGED from [com.android.support:support-core-ui:26.1.0] AndroidManifest.xml:25:5-29:19
MERGED from [com.android.support:support-core-ui:26.1.0] AndroidManifest.xml:25:5-29:19
MERGED from [com.android.support:support-compat:26.1.0] AndroidManifest.xml:25:5-29:19
MERGED from [com.android.support:support-compat:26.1.0] AndroidManifest.xml:25:5-29:19
MERGED from [android.arch.lifecycle:runtime:1.0.0] AndroidManifest.xml:24:5-28:19
MERGED from [android.arch.lifecycle:runtime:1.0.0] AndroidManifest.xml:24:5-28:19
	android:supportsRtl
		ADDED from src\main\AndroidManifest.xml:18:9-35
	android:label
		ADDED from src\main\AndroidManifest.xml:17:9-34
	android:icon
		ADDED from src\main\AndroidManifest.xml:16:9-45
	android:allowBackup
		ADDED from src\main\AndroidManifest.xml:15:9-35
	android:name
		ADDED from src\main\AndroidManifest.xml:14:9-36
activity#app.speedvpn.LoadingActivity
ADDED from src\main\AndroidManifest.xml:19:9-29:20
	tools:ignore
		ADDED from src\main\AndroidManifest.xml:22:13-44
	android:configChanges
		ADDED from src\main\AndroidManifest.xml:21:13-74
	android:name
		ADDED from src\main\AndroidManifest.xml:20:13-44
intent-filter#action:name:android.intent.action.MAIN+category:name:android.intent.category.BROWSABLE+category:name:android.intent.category.LAUNCHER
ADDED from src\main\AndroidManifest.xml:23:13-28:29
category#android.intent.category.LAUNCHER
ADDED from src\main\AndroidManifest.xml:24:17-77
	android:name
		ADDED from src\main\AndroidManifest.xml:24:27-74
action#android.intent.action.MAIN
ADDED from src\main\AndroidManifest.xml:25:17-69
	android:name
		ADDED from src\main\AndroidManifest.xml:25:25-66
category#android.intent.category.BROWSABLE
ADDED from src\main\AndroidManifest.xml:27:17-78
	android:name
		ADDED from src\main\AndroidManifest.xml:27:27-75
activity#app.speedvpn.HomeActivity
ADDED from src\main\AndroidManifest.xml:30:9-59
	android:name
		ADDED from src\main\AndroidManifest.xml:30:19-47
activity#app.speedvpn.ConnectionEditorActivity
ADDED from src\main\AndroidManifest.xml:31:9-62
	android:name
		ADDED from src\main\AndroidManifest.xml:31:19-59
activity#app.speedvpn.FragActivity
ADDED from src\main\AndroidManifest.xml:32:9-50
	android:name
		ADDED from src\main\AndroidManifest.xml:32:19-47
activity#app.speedvpn.TokenImportActivity
ADDED from src\main\AndroidManifest.xml:33:9-86:20
	android:exported
		ADDED from src\main\AndroidManifest.xml:35:13-36
	android:name
		ADDED from src\main\AndroidManifest.xml:34:13-48
intent-filter#action:name:android.intent.action.VIEW+category:name:android.intent.category.BROWSABLE+category:name:android.intent.category.DEFAULT+data:host:127.0.0.1+data:path:/securid/ctf+data:scheme:http
ADDED from src\main\AndroidManifest.xml:36:13-46:29
action#android.intent.action.VIEW
ADDED from src\main\AndroidManifest.xml:37:17-69
	android:name
		ADDED from src\main\AndroidManifest.xml:37:25-66
category#android.intent.category.DEFAULT
ADDED from src\main\AndroidManifest.xml:40:17-76
	android:name
		ADDED from src\main\AndroidManifest.xml:40:27-73
data
ADDED from src\main\AndroidManifest.xml:42:17-45:45
	android:path
		ADDED from src\main\AndroidManifest.xml:44:21-48
	android:host
		ADDED from src\main\AndroidManifest.xml:43:21-45
	android:scheme
		ADDED from src\main\AndroidManifest.xml:45:21-42
	android:pathPattern
		ADDED from src\main\AndroidManifest.xml:83:21-53
	android:mimeType
		ADDED from src\main\AndroidManifest.xml:82:21-43
intent-filter#action:name:android.intent.action.VIEW+category:name:android.intent.category.BROWSABLE+category:name:android.intent.category.DEFAULT+data:host:rsa.com+data:path:/android/token/ctf+data:scheme:http
ADDED from src\main\AndroidManifest.xml:47:13-57:29
intent-filter#action:name:android.intent.action.VIEW+category:name:android.intent.category.BROWSABLE+category:name:android.intent.category.DEFAULT+data:scheme:com.rsa.securid
ADDED from src\main\AndroidManifest.xml:58:13-65:29
intent-filter#action:name:android.intent.action.VIEW+category:name:android.intent.category.BROWSABLE+category:name:android.intent.category.DEFAULT+data:scheme:com.rsa.securid.iphone
ADDED from src\main\AndroidManifest.xml:66:13-73:29
intent-filter#action:name:android.intent.action.VIEW+category:name:android.intent.category.BROWSABLE+category:name:android.intent.category.DEFAULT+data:host:*+data:mimeType:*/*+data:pathPattern:.*\\.sdtid+data:scheme:file
ADDED from src\main\AndroidManifest.xml:74:13-85:29
activity#app.speedvpn.FileSelect
ADDED from src\main\AndroidManifest.xml:87:9-48
	android:name
		ADDED from src\main\AndroidManifest.xml:87:19-45
activity#app.speedvpn.MainActivity
ADDED from src\main\AndroidManifest.xml:88:9-96:20
	tools:ignore
		ADDED from src\main\AndroidManifest.xml:91:13-44
	android:uiOptions
		ADDED from src\main\AndroidManifest.xml:90:13-57
	android:name
		ADDED from src\main\AndroidManifest.xml:89:13-41
intent-filter#category:name:android.intent.category.BROWSABLE
ADDED from src\main\AndroidManifest.xml:92:13-95:29
activity#org.acra.CrashReportDialog
ADDED from src\main\AndroidManifest.xml:97:9-102:59
	android:excludeFromRecents
		ADDED from src\main\AndroidManifest.xml:99:13-46
	android:launchMode
		ADDED from src\main\AndroidManifest.xml:101:13-48
	android:theme
		ADDED from src\main\AndroidManifest.xml:102:13-56
	android:finishOnTaskLaunch
		ADDED from src\main\AndroidManifest.xml:100:13-46
	android:name
		ADDED from src\main\AndroidManifest.xml:98:13-54
service#app.speedvpn.core.OpenVpnService
ADDED from src\main\AndroidManifest.xml:104:9-110:19
	android:permission
		ADDED from src\main\AndroidManifest.xml:106:13-69
	android:name
		ADDED from src\main\AndroidManifest.xml:105:13-48
intent-filter#action:name:android.net.VpnService
ADDED from src\main\AndroidManifest.xml:107:13-109:29
action#android.net.VpnService
ADDED from src\main\AndroidManifest.xml:108:17-65
	android:name
		ADDED from src\main\AndroidManifest.xml:108:25-62
activity#app.openconnect.api.GrantPermissionsActivity
ADDED from src\main\AndroidManifest.xml:120:9-126:20
	android:permission
		ADDED from src\main\AndroidManifest.xml:122:13-60
	android:name
		ADDED from src\main\AndroidManifest.xml:121:13-72
intent-filter#action:name:android.intent.action.MAIN
ADDED from src\main\AndroidManifest.xml:123:13-125:29
activity#app.openconnect.api.ConfirmDialog
ADDED from src\main\AndroidManifest.xml:127:9-133:20
	android:permission
		ADDED from src\main\AndroidManifest.xml:129:13-60
	android:name
		ADDED from src\main\AndroidManifest.xml:128:13-61
receiver#app.speedvpn.OnBootReceiver
ADDED from src\main\AndroidManifest.xml:135:9-139:20
	android:name
		ADDED from src\main\AndroidManifest.xml:135:19-49
intent-filter#action:name:android.intent.action.BOOT_COMPLETED
ADDED from src\main\AndroidManifest.xml:136:13-138:29
action#android.intent.action.BOOT_COMPLETED
ADDED from src\main\AndroidManifest.xml:137:17-79
	android:name
		ADDED from src\main\AndroidManifest.xml:137:25-76
provider#app.speedvpn.FileProvider
ADDED from src\main\AndroidManifest.xml:141:9-146:54
	android:grantUriPermissions
		ADDED from src\main\AndroidManifest.xml:145:13-47
	android:authorities
		ADDED from src\main\AndroidManifest.xml:143:13-60
	android:exported
		ADDED from src\main\AndroidManifest.xml:144:13-36
	tools:ignore
		ADDED from src\main\AndroidManifest.xml:146:13-51
	android:name
		ADDED from src\main\AndroidManifest.xml:142:13-41
meta-data#xposedmodule
ADDED from src\main\AndroidManifest.xml:154:9-156:36
	android:value
		ADDED from src\main\AndroidManifest.xml:156:13-33
	android:name
		ADDED from src\main\AndroidManifest.xml:155:13-40
meta-data#xposeddescription
ADDED from src\main\AndroidManifest.xml:157:9-159:70
	android:value
		ADDED from src\main\AndroidManifest.xml:159:13-67
	android:name
		ADDED from src\main\AndroidManifest.xml:158:13-45
meta-data#xposedminversion
ADDED from src\main\AndroidManifest.xml:160:9-162:34
	android:value
		ADDED from src\main\AndroidManifest.xml:162:13-31
	android:name
		ADDED from src\main\AndroidManifest.xml:161:13-44
uses-sdk
INJECTED from src\main\AndroidManifest.xml reason: use-sdk injection requested
INJECTED from src\main\AndroidManifest.xml
INJECTED from src\main\AndroidManifest.xml
MERGED from [com.android.support:support-v4:26.1.0] AndroidManifest.xml:21:5-23:54
MERGED from [com.android.support:support-v4:26.1.0] AndroidManifest.xml:21:5-23:54
MERGED from [com.android.support.constraint:constraint-layout:1.1.3] AndroidManifest.xml:5:5-7:41
MERGED from [com.android.support.constraint:constraint-layout:1.1.3] AndroidManifest.xml:5:5-7:41
MERGED from [:unity-ads] AndroidManifest.xml:7:5-9:41
MERGED from [:unity-ads] AndroidManifest.xml:7:5-9:41
MERGED from [com.android.support:support-media-compat:26.1.0] AndroidManifest.xml:21:5-23:63
MERGED from [com.android.support:support-media-compat:26.1.0] AndroidManifest.xml:21:5-23:63
MERGED from [com.android.support:support-fragment:26.1.0] AndroidManifest.xml:21:5-23:60
MERGED from [com.android.support:support-fragment:26.1.0] AndroidManifest.xml:21:5-23:60
MERGED from [com.android.support:support-core-utils:26.1.0] AndroidManifest.xml:21:5-23:61
MERGED from [com.android.support:support-core-utils:26.1.0] AndroidManifest.xml:21:5-23:61
MERGED from [com.android.support:support-core-ui:26.1.0] AndroidManifest.xml:21:5-23:58
MERGED from [com.android.support:support-core-ui:26.1.0] AndroidManifest.xml:21:5-23:58
MERGED from [com.android.support:support-compat:26.1.0] AndroidManifest.xml:21:5-23:58
MERGED from [com.android.support:support-compat:26.1.0] AndroidManifest.xml:21:5-23:58
MERGED from [android.arch.lifecycle:runtime:1.0.0] AndroidManifest.xml:20:5-22:41
MERGED from [android.arch.lifecycle:runtime:1.0.0] AndroidManifest.xml:20:5-22:41
INJECTED from src\main\AndroidManifest.xml
INJECTED from src\main\AndroidManifest.xml
	tools:overrideLibrary
		ADDED from [com.android.support:support-v4:26.1.0] AndroidManifest.xml:23:9-51
	android:targetSdkVersion
		INJECTED from src\main\AndroidManifest.xml
		ADDED from src\main\AndroidManifest.xml
		INJECTED from src\main\AndroidManifest.xml
	android:minSdkVersion
		INJECTED from src\main\AndroidManifest.xml
		ADDED from src\main\AndroidManifest.xml
		INJECTED from src\main\AndroidManifest.xml
meta-data#android.support.VERSION
ADDED from [com.android.support:support-v4:26.1.0] AndroidManifest.xml:26:9-28:38
MERGED from [com.android.support:support-media-compat:26.1.0] AndroidManifest.xml:26:9-28:38
MERGED from [com.android.support:support-media-compat:26.1.0] AndroidManifest.xml:26:9-28:38
MERGED from [com.android.support:support-fragment:26.1.0] AndroidManifest.xml:26:9-28:38
MERGED from [com.android.support:support-fragment:26.1.0] AndroidManifest.xml:26:9-28:38
MERGED from [com.android.support:support-core-utils:26.1.0] AndroidManifest.xml:26:9-28:38
MERGED from [com.android.support:support-core-utils:26.1.0] AndroidManifest.xml:26:9-28:38
MERGED from [com.android.support:support-core-ui:26.1.0] AndroidManifest.xml:26:9-28:38
MERGED from [com.android.support:support-core-ui:26.1.0] AndroidManifest.xml:26:9-28:38
MERGED from [com.android.support:support-compat:26.1.0] AndroidManifest.xml:26:9-28:38
MERGED from [com.android.support:support-compat:26.1.0] AndroidManifest.xml:26:9-28:38
	android:value
		ADDED from [com.android.support:support-v4:26.1.0] AndroidManifest.xml:28:13-35
	android:name
		ADDED from [com.android.support:support-v4:26.1.0] AndroidManifest.xml:27:13-51
activity#com.unity3d.services.ads.adunit.AdUnitActivity
ADDED from [:unity-ads] AndroidManifest.xml:15:9-19:74
	android:hardwareAccelerated
		ADDED from [:unity-ads] AndroidManifest.xml:18:13-47
	android:configChanges
		ADDED from [:unity-ads] AndroidManifest.xml:17:13-170
	android:theme
		ADDED from [:unity-ads] AndroidManifest.xml:19:13-71
	android:name
		ADDED from [:unity-ads] AndroidManifest.xml:16:13-74
activity#com.unity3d.services.ads.adunit.AdUnitTransparentActivity
ADDED from [:unity-ads] AndroidManifest.xml:20:9-24:86
	android:hardwareAccelerated
		ADDED from [:unity-ads] AndroidManifest.xml:23:13-47
	android:configChanges
		ADDED from [:unity-ads] AndroidManifest.xml:22:13-170
	android:theme
		ADDED from [:unity-ads] AndroidManifest.xml:24:13-83
	android:name
		ADDED from [:unity-ads] AndroidManifest.xml:21:13-85
activity#com.unity3d.services.ads.adunit.AdUnitTransparentSoftwareActivity
ADDED from [:unity-ads] AndroidManifest.xml:25:9-29:86
	android:hardwareAccelerated
		ADDED from [:unity-ads] AndroidManifest.xml:28:13-48
	android:configChanges
		ADDED from [:unity-ads] AndroidManifest.xml:27:13-170
	android:theme
		ADDED from [:unity-ads] AndroidManifest.xml:29:13-83
	android:name
		ADDED from [:unity-ads] AndroidManifest.xml:26:13-93
activity#com.unity3d.services.ads.adunit.AdUnitSoftwareActivity
ADDED from [:unity-ads] AndroidManifest.xml:30:9-34:74
	android:hardwareAccelerated
		ADDED from [:unity-ads] AndroidManifest.xml:33:13-48
	android:configChanges
		ADDED from [:unity-ads] AndroidManifest.xml:32:13-170
	android:theme
		ADDED from [:unity-ads] AndroidManifest.xml:34:13-71
	android:name
		ADDED from [:unity-ads] AndroidManifest.xml:31:13-82
meta-data#android.arch.lifecycle.VERSION
ADDED from [android.arch.lifecycle:runtime:1.0.0] AndroidManifest.xml:25:9-27:47
	android:value
		ADDED from [android.arch.lifecycle:runtime:1.0.0] AndroidManifest.xml:27:13-44
	android:name
		ADDED from [android.arch.lifecycle:runtime:1.0.0] AndroidManifest.xml:26:13-58